<?xml version="1.0" encoding="UTF-8"?>
<!-- Generated by org.testng.reporters.JUnitReportReporter -->
<testsuite skipped="0" hostname="DESKTOP-489NU2I" name="testProject.LaunchTest" tests="1" failures="0" timestamp="09 Jan 2019 06:28:02 GMT" time="16.295" errors="0">
  <testcase name="HomeTest" time="16.295" classname="testProject.LaunchTest"/>
</testsuite> <!-- testProject.LaunchTest -->
